<?xml version="1.0" encoding="UTF-8"?>
<coverage generated="1666764609089" clover="3.2.0">
  <project timestamp="1666764609089" name="All files">
    <metrics statements="224" coveredstatements="157" conditionals="45" coveredconditionals="29" methods="76" coveredmethods="41" elements="345" coveredelements="227" complexity="0" loc="224" ncloc="224" packages="3" files="20" classes="20"/>
    <package name="src.components.QandA">
      <metrics statements="12" coveredstatements="8" conditionals="2" coveredconditionals="1" methods="4" coveredmethods="1"/>
      <file name="QandA.jsx" path="/Users/georgina/Documents/rfc2209/fec project/rfc2209-front-end-capstone-HouseStark/client/src/components/QandA/QandA.jsx">
        <metrics statements="12" coveredstatements="8" conditionals="2" coveredconditionals="1" methods="4" coveredmethods="1"/>
        <line num="8" count="1" type="stmt"/>
        <line num="10" count="1" type="stmt"/>
        <line num="11" count="1" type="stmt"/>
        <line num="12" count="1" type="stmt"/>
        <line num="17" count="1" type="stmt"/>
        <line num="21" count="1" type="stmt"/>
        <line num="22" count="0" type="stmt"/>
        <line num="24" count="0" type="stmt"/>
        <line num="25" count="0" type="stmt"/>
        <line num="29" count="1" type="stmt"/>
        <line num="30" count="0" type="stmt"/>
        <line num="33" count="1" type="stmt"/>
      </file>
    </package>
    <package name="src.components.QandA.components">
      <metrics statements="211" coveredstatements="148" conditionals="43" coveredconditionals="28" methods="72" coveredmethods="40"/>
      <file name="Add_A_Question.jsx" path="/Users/georgina/Documents/rfc2209/fec project/rfc2209-front-end-capstone-HouseStark/client/src/components/QandA/components/Add_A_Question.jsx">
        <metrics statements="6" coveredstatements="6" conditionals="0" coveredconditionals="0" methods="2" coveredmethods="2"/>
        <line num="10" count="1" type="stmt"/>
        <line num="17" count="2" type="stmt"/>
        <line num="19" count="2" type="stmt"/>
        <line num="26" count="1" type="stmt"/>
        <line num="27" count="1" type="stmt"/>
        <line num="28" count="1" type="stmt"/>
      </file>
      <file name="Add_A_Question_Modal.jsx" path="/Users/georgina/Documents/rfc2209/fec project/rfc2209-front-end-capstone-HouseStark/client/src/components/QandA/components/Add_A_Question_Modal.jsx">
        <metrics statements="24" coveredstatements="15" conditionals="13" coveredconditionals="10" methods="9" coveredmethods="6"/>
        <line num="9" count="1" type="stmt"/>
        <line num="16" count="6" type="stmt"/>
        <line num="17" count="6" type="stmt"/>
        <line num="18" count="6" type="stmt"/>
        <line num="19" count="6" type="stmt"/>
        <line num="21" count="6" type="stmt"/>
        <line num="27" count="6" type="stmt"/>
        <line num="28" count="0" type="stmt"/>
        <line num="30" count="0" type="stmt"/>
        <line num="33" count="0" type="stmt"/>
        <line num="37" count="6" type="stmt"/>
        <line num="50" count="1" type="stmt"/>
        <line num="52" count="1" type="stmt"/>
        <line num="68" count="1" type="stmt"/>
        <line num="82" count="1" type="stmt"/>
        <line num="95" count="1" type="stmt"/>
        <line num="106" count="1" type="cond" truecount="4" falsecount="1"/>
        <line num="107" count="0" type="stmt"/>
        <line num="108" count="0" type="stmt"/>
        <line num="109" count="0" type="stmt"/>
        <line num="110" count="0" type="stmt"/>
        <line num="111" count="0" type="stmt"/>
        <line num="112" count="0" type="stmt"/>
        <line num="114" count="1" type="stmt"/>
      </file>
      <file name="Add_An_Answer.jsx" path="/Users/georgina/Documents/rfc2209/fec project/rfc2209-front-end-capstone-HouseStark/client/src/components/QandA/components/Add_An_Answer.jsx">
        <metrics statements="6" coveredstatements="6" conditionals="0" coveredconditionals="0" methods="2" coveredmethods="2"/>
        <line num="9" count="1" type="stmt"/>
        <line num="14" count="2" type="stmt"/>
        <line num="16" count="2" type="stmt"/>
        <line num="23" count="1" type="stmt"/>
        <line num="24" count="1" type="stmt"/>
        <line num="25" count="1" type="stmt"/>
      </file>
      <file name="Add_An_Answer_Modal.jsx" path="/Users/georgina/Documents/rfc2209/fec project/rfc2209-front-end-capstone-HouseStark/client/src/components/QandA/components/Add_An_Answer_Modal.jsx">
        <metrics statements="25" coveredstatements="15" conditionals="0" coveredconditionals="0" methods="12" coveredmethods="6"/>
        <line num="8" count="1" type="stmt"/>
        <line num="15" count="5" type="stmt"/>
        <line num="16" count="5" type="stmt"/>
        <line num="17" count="5" type="stmt"/>
        <line num="18" count="5" type="stmt"/>
        <line num="19" count="5" type="stmt"/>
        <line num="22" count="5" type="stmt"/>
        <line num="28" count="5" type="stmt"/>
        <line num="29" count="0" type="stmt"/>
        <line num="31" count="0" type="stmt"/>
        <line num="34" count="0" type="stmt"/>
        <line num="39" count="5" type="stmt"/>
        <line num="51" count="1" type="stmt"/>
        <line num="52" count="1" type="stmt"/>
        <line num="68" count="1" type="stmt"/>
        <line num="75" count="1" type="stmt"/>
        <line num="82" count="1" type="stmt"/>
        <line num="89" count="0" type="stmt"/>
        <line num="90" count="0" type="stmt"/>
        <line num="91" count="0" type="stmt"/>
        <line num="92" count="0" type="stmt"/>
        <line num="98" count="1" type="stmt"/>
        <line num="106" count="0" type="stmt"/>
        <line num="115" count="0" type="stmt"/>
        <line num="116" count="0" type="stmt"/>
      </file>
      <file name="Answer_Helpfulness.jsx" path="/Users/georgina/Documents/rfc2209/fec project/rfc2209-front-end-capstone-HouseStark/client/src/components/QandA/components/Answer_Helpfulness.jsx">
        <metrics statements="10" coveredstatements="9" conditionals="2" coveredconditionals="1" methods="2" coveredmethods="2"/>
        <line num="3" count="1" type="stmt"/>
        <line num="5" count="3" type="stmt"/>
        <line num="6" count="3" type="stmt"/>
        <line num="8" count="3" type="stmt"/>
        <line num="14" count="1" type="cond" truecount="1" falsecount="1"/>
        <line num="15" count="1" type="stmt"/>
        <line num="16" count="1" type="stmt"/>
        <line num="17" count="1" type="stmt"/>
        <line num="18" count="1" type="stmt"/>
        <line num="20" count="0" type="stmt"/>
      </file>
      <file name="Answer_Photo.jsx" path="/Users/georgina/Documents/rfc2209/fec project/rfc2209-front-end-capstone-HouseStark/client/src/components/QandA/components/Answer_Photo.jsx">
        <metrics statements="4" coveredstatements="2" conditionals="0" coveredconditionals="0" methods="2" coveredmethods="1"/>
        <line num="4" count="1" type="stmt"/>
        <line num="5" count="1" type="stmt"/>
        <line num="12" count="0" type="stmt"/>
        <line num="13" count="0" type="stmt"/>
      </file>
      <file name="Answer_Photos.jsx" path="/Users/georgina/Documents/rfc2209/fec project/rfc2209-front-end-capstone-HouseStark/client/src/components/QandA/components/Answer_Photos.jsx">
        <metrics statements="6" coveredstatements="5" conditionals="0" coveredconditionals="0" methods="3" coveredmethods="2"/>
        <line num="9" count="1" type="stmt"/>
        <line num="14" count="1" type="stmt"/>
        <line num="15" count="1" type="stmt"/>
        <line num="17" count="1" type="stmt"/>
        <line num="21" count="1" type="stmt"/>
        <line num="40" count="0" type="stmt"/>
      </file>
      <file name="Answer_Report.jsx" path="/Users/georgina/Documents/rfc2209/fec project/rfc2209-front-end-capstone-HouseStark/client/src/components/QandA/components/Answer_Report.jsx">
        <metrics statements="8" coveredstatements="8" conditionals="4" coveredconditionals="4" methods="2" coveredmethods="2"/>
        <line num="3" count="1" type="stmt"/>
        <line num="5" count="2" type="stmt"/>
        <line num="7" count="2" type="stmt"/>
        <line num="13" count="2" type="cond" truecount="2" falsecount="0"/>
        <line num="14" count="1" type="stmt"/>
        <line num="15" count="1" type="stmt"/>
        <line num="16" count="1" type="stmt"/>
        <line num="18" count="1" type="stmt"/>
      </file>
      <file name="Answer_View.jsx" path="/Users/georgina/Documents/rfc2209/fec project/rfc2209-front-end-capstone-HouseStark/client/src/components/QandA/components/Answer_View.jsx">
        <metrics statements="11" coveredstatements="5" conditionals="2" coveredconditionals="1" methods="6" coveredmethods="1"/>
        <line num="10" count="1" type="stmt"/>
        <line num="12" count="1" type="stmt"/>
        <line num="13" count="0" type="stmt"/>
        <line num="17" count="0" type="stmt"/>
        <line num="19" count="0" type="stmt"/>
        <line num="22" count="0" type="stmt"/>
        <line num="26" count="1" type="stmt"/>
        <line num="27" count="0" type="stmt"/>
        <line num="30" count="1" type="stmt"/>
        <line num="31" count="0" type="stmt"/>
        <line num="34" count="1" type="stmt"/>
      </file>
      <file name="Answers_List_View.jsx" path="/Users/georgina/Documents/rfc2209/fec project/rfc2209-front-end-capstone-HouseStark/client/src/components/QandA/components/Answers_List_View.jsx">
        <metrics statements="27" coveredstatements="7" conditionals="6" coveredconditionals="2" methods="9" coveredmethods="1"/>
        <line num="7" count="1" type="stmt"/>
        <line num="12" count="1" type="stmt"/>
        <line num="13" count="1" type="stmt"/>
        <line num="15" count="1" type="stmt"/>
        <line num="22" count="1" type="stmt"/>
        <line num="23" count="0" type="stmt"/>
        <line num="24" count="0" type="stmt"/>
        <line num="25" count="0" type="stmt"/>
        <line num="26" count="0" type="stmt"/>
        <line num="27" count="0" type="cond" truecount="0" falsecount="2"/>
        <line num="28" count="0" type="stmt"/>
        <line num="29" count="0" type="stmt"/>
        <line num="31" count="0" type="stmt"/>
        <line num="35" count="1" type="stmt"/>
        <line num="36" count="0" type="stmt"/>
        <line num="38" count="0" type="stmt"/>
        <line num="41" count="0" type="stmt"/>
        <line num="42" count="0" type="stmt"/>
        <line num="43" count="0" type="stmt"/>
        <line num="48" count="1" type="stmt"/>
        <line num="54" count="0" type="stmt"/>
        <line num="68" count="0" type="stmt"/>
        <line num="69" count="0" type="stmt"/>
        <line num="70" count="0" type="stmt"/>
        <line num="78" count="0" type="stmt"/>
        <line num="79" count="0" type="stmt"/>
        <line num="80" count="0" type="stmt"/>
      </file>
      <file name="More_Questions.jsx" path="/Users/georgina/Documents/rfc2209/fec project/rfc2209-front-end-capstone-HouseStark/client/src/components/QandA/components/More_Questions.jsx">
        <metrics statements="6" coveredstatements="6" conditionals="2" coveredconditionals="1" methods="2" coveredmethods="2"/>
        <line num="4" count="1" type="stmt"/>
        <line num="12" count="1" type="stmt"/>
        <line num="22" count="1" type="stmt"/>
        <line num="23" count="1" type="stmt"/>
        <line num="24" count="1" type="stmt"/>
        <line num="25" count="1" type="stmt"/>
      </file>
      <file name="QandA_Styles.jsx" path="/Users/georgina/Documents/rfc2209/fec project/rfc2209-front-end-capstone-HouseStark/client/src/components/QandA/components/QandA_Styles.jsx">
        <metrics statements="21" coveredstatements="21" conditionals="0" coveredconditionals="0" methods="0" coveredmethods="0"/>
        <line num="3" count="1" type="stmt"/>
        <line num="12" count="1" type="stmt"/>
        <line num="21" count="1" type="stmt"/>
        <line num="33" count="1" type="stmt"/>
        <line num="42" count="1" type="stmt"/>
        <line num="48" count="1" type="stmt"/>
        <line num="56" count="1" type="stmt"/>
        <line num="63" count="1" type="stmt"/>
        <line num="68" count="1" type="stmt"/>
        <line num="77" count="1" type="stmt"/>
        <line num="83" count="1" type="stmt"/>
        <line num="90" count="1" type="stmt"/>
        <line num="101" count="1" type="stmt"/>
        <line num="110" count="1" type="stmt"/>
        <line num="120" count="1" type="stmt"/>
        <line num="132" count="1" type="stmt"/>
        <line num="144" count="1" type="stmt"/>
        <line num="153" count="1" type="stmt"/>
        <line num="160" count="1" type="stmt"/>
        <line num="167" count="1" type="stmt"/>
        <line num="172" count="1" type="stmt"/>
      </file>
      <file name="Question_Helpfulness.jsx" path="/Users/georgina/Documents/rfc2209/fec project/rfc2209-front-end-capstone-HouseStark/client/src/components/QandA/components/Question_Helpfulness.jsx">
        <metrics statements="10" coveredstatements="9" conditionals="2" coveredconditionals="1" methods="2" coveredmethods="2"/>
        <line num="3" count="1" type="stmt"/>
        <line num="9" count="3" type="stmt"/>
        <line num="10" count="3" type="stmt"/>
        <line num="12" count="3" type="stmt"/>
        <line num="18" count="1" type="cond" truecount="1" falsecount="1"/>
        <line num="19" count="1" type="stmt"/>
        <line num="20" count="1" type="stmt"/>
        <line num="21" count="1" type="stmt"/>
        <line num="22" count="1" type="stmt"/>
        <line num="24" count="0" type="stmt"/>
      </file>
      <file name="Question_Report.jsx" path="/Users/georgina/Documents/rfc2209/fec project/rfc2209-front-end-capstone-HouseStark/client/src/components/QandA/components/Question_Report.jsx">
        <metrics statements="8" coveredstatements="7" conditionals="4" coveredconditionals="3" methods="2" coveredmethods="2"/>
        <line num="3" count="1" type="stmt"/>
        <line num="5" count="2" type="stmt"/>
        <line num="8" count="2" type="stmt"/>
        <line num="14" count="1" type="cond" truecount="1" falsecount="1"/>
        <line num="15" count="1" type="stmt"/>
        <line num="16" count="1" type="stmt"/>
        <line num="17" count="1" type="stmt"/>
        <line num="19" count="0" type="stmt"/>
      </file>
      <file name="Question_Search_Bar.jsx" path="/Users/georgina/Documents/rfc2209/fec project/rfc2209-front-end-capstone-HouseStark/client/src/components/QandA/components/Question_Search_Bar.jsx">
        <metrics statements="14" coveredstatements="12" conditionals="2" coveredconditionals="1" methods="5" coveredmethods="5"/>
        <line num="7" count="1" type="stmt"/>
        <line num="9" count="2" type="stmt"/>
        <line num="11" count="2" type="stmt"/>
        <line num="12" count="1" type="stmt"/>
        <line num="13" count="8" type="stmt"/>
        <line num="15" count="1" type="stmt"/>
        <line num="18" count="2" type="stmt"/>
        <line num="27" count="1" type="stmt"/>
        <line num="28" count="1" type="cond" truecount="1" falsecount="1"/>
        <line num="29" count="1" type="stmt"/>
        <line num="30" count="1" type="stmt"/>
        <line num="32" count="0" type="stmt"/>
        <line num="33" count="0" type="stmt"/>
        <line num="37" count="1" type="stmt"/>
      </file>
      <file name="Question_View.jsx" path="/Users/georgina/Documents/rfc2209/fec project/rfc2209-front-end-capstone-HouseStark/client/src/components/QandA/components/Question_View.jsx">
        <metrics statements="15" coveredstatements="9" conditionals="2" coveredconditionals="2" methods="8" coveredmethods="3"/>
        <line num="11" count="1" type="stmt"/>
        <line num="17" count="1" type="stmt"/>
        <line num="18" count="0" type="stmt"/>
        <line num="22" count="0" type="stmt"/>
        <line num="24" count="0" type="stmt"/>
        <line num="27" count="0" type="stmt"/>
        <line num="31" count="1" type="stmt"/>
        <line num="32" count="0" type="stmt"/>
        <line num="35" count="1" type="stmt"/>
        <line num="36" count="0" type="stmt"/>
        <line num="39" count="1" type="stmt"/>
        <line num="41" count="1" type="stmt"/>
        <line num="42" count="1" type="stmt"/>
        <line num="43" count="21" type="stmt"/>
        <line num="53" count="1" type="stmt"/>
      </file>
      <file name="Questions_View.jsx" path="/Users/georgina/Documents/rfc2209/fec project/rfc2209-front-end-capstone-HouseStark/client/src/components/QandA/components/Questions_View.jsx">
        <metrics statements="10" coveredstatements="6" conditionals="4" coveredconditionals="2" methods="4" coveredmethods="1"/>
        <line num="9" count="1" type="stmt"/>
        <line num="19" count="1" type="stmt"/>
        <line num="20" count="1" type="stmt"/>
        <line num="23" count="1" type="stmt"/>
        <line num="24" count="0" type="stmt"/>
        <line num="28" count="1" type="stmt"/>
        <line num="37" count="0" type="stmt"/>
        <line num="38" count="0" type="stmt"/>
        <line num="49" count="1" type="stmt"/>
        <line num="56" count="0" type="stmt"/>
      </file>
      <file name="index.jsx" path="/Users/georgina/Documents/rfc2209/fec project/rfc2209-front-end-capstone-HouseStark/client/src/components/QandA/components/index.jsx">
        <metrics statements="0" coveredstatements="0" conditionals="0" coveredconditionals="0" methods="0" coveredmethods="0"/>
      </file>
    </package>
    <package name="test">
      <metrics statements="1" coveredstatements="1" conditionals="0" coveredconditionals="0" methods="0" coveredmethods="0"/>
      <file name="QandA.test.data.js" path="/Users/georgina/Documents/rfc2209/fec project/rfc2209-front-end-capstone-HouseStark/client/test/QandA.test.data.js">
        <metrics statements="1" coveredstatements="1" conditionals="0" coveredconditionals="0" methods="0" coveredmethods="0"/>
        <line num="1" count="1" type="stmt"/>
      </file>
    </package>
  </project>
</coverage>
