{"/Users/georgina/Documents/rfc2209/fec project/rfc2209-front-end-capstone-HouseStark/client/src/components/Q&A/QandA.jsx": {"path":"/Users/georgina/Documents/rfc2209/fec project/rfc2209-front-end-capstone-HouseStark/client/src/components/Q&A/QandA.jsx","statementMap":{"0":{"start":{"line":8,"column":14},"end":{"line":57,"column":1}},"1":{"start":{"line":10,"column":35},"end":{"line":10,"column":47}},"2":{"start":{"line":11,"column":30},"end":{"line":11,"column":42}},"3":{"start":{"line":12,"column":36},"end":{"line":12,"column":48}},"4":{"start":{"line":17,"column":15},"end":{"line":19,"column":3}},"5":{"start":{"line":21,"column":2},"end":{"line":27,"column":18}},"6":{"start":{"line":22,"column":4},"end":{"line":26,"column":6}},"7":{"start":{"line":24,"column":24},"end":{"line":24,"column":43}},"8":{"start":{"line":25,"column":6},"end":{"line":25,"column":30}},"9":{"start":{"line":29,"column":2},"end":{"line":31,"column":17}},"10":{"start":{"line":30,"column":4},"end":{"line":30,"column":25}},"11":{"start":{"line":33,"column":2},"end":{"line":56,"column":3}}},"fnMap":{"0":{"name":"(anonymous_0)","decl":{"start":{"line":8,"column":14},"end":{"line":8,"column":15}},"loc":{"start":{"line":8,"column":59},"end":{"line":57,"column":1}},"line":8},"1":{"name":"(anonymous_1)","decl":{"start":{"line":21,"column":13},"end":{"line":21,"column":14}},"loc":{"start":{"line":21,"column":19},"end":{"line":27,"column":3}},"line":21},"2":{"name":"(anonymous_2)","decl":{"start":{"line":23,"column":10},"end":{"line":23,"column":11}},"loc":{"start":{"line":23,"column":22},"end":{"line":26,"column":5}},"line":23},"3":{"name":"(anonymous_3)","decl":{"start":{"line":29,"column":12},"end":{"line":29,"column":13}},"loc":{"start":{"line":29,"column":17},"end":{"line":31,"column":3}},"line":29}},"branchMap":{"0":{"loc":{"start":{"line":37,"column":8},"end":{"line":44,"column":14}},"type":"cond-expr","locations":[{"start":{"line":38,"column":10},"end":{"line":43,"column":12}},{"start":{"line":44,"column":10},"end":{"line":44,"column":14}}],"line":37}},"s":{"0":1,"1":0,"2":0,"3":0,"4":0,"5":0,"6":0,"7":0,"8":0,"9":0,"10":0,"11":0},"f":{"0":0,"1":0,"2":0,"3":0},"b":{"0":[0,0]},"_coverageSchema":"1a1c01bbd47fc00a2c39e90264f33305004495a9","hash":"110937ace18dc27de02cda14dcee36ab02912ea7"}
,"/Users/georgina/Documents/rfc2209/fec project/rfc2209-front-end-capstone-HouseStark/client/src/components/Q&A/components/Add_A_Question.jsx": {"path":"/Users/georgina/Documents/rfc2209/fec project/rfc2209-front-end-capstone-HouseStark/client/src/components/Q&A/components/Add_A_Question.jsx","statementMap":{"0":{"start":{"line":10,"column":21},"end":{"line":39,"column":1}},"1":{"start":{"line":17,"column":33},"end":{"line":17,"column":48}},"2":{"start":{"line":19,"column":2},"end":{"line":38,"column":3}},"3":{"start":{"line":26,"column":10},"end":{"line":26,"column":29}},"4":{"start":{"line":27,"column":10},"end":{"line":27,"column":32}},"5":{"start":{"line":28,"column":10},"end":{"line":28,"column":33}}},"fnMap":{"0":{"name":"(anonymous_0)","decl":{"start":{"line":10,"column":21},"end":{"line":10,"column":22}},"loc":{"start":{"line":15,"column":7},"end":{"line":39,"column":1}},"line":15},"1":{"name":"(anonymous_1)","decl":{"start":{"line":25,"column":17},"end":{"line":25,"column":18}},"loc":{"start":{"line":25,"column":24},"end":{"line":29,"column":9}},"line":25}},"branchMap":{},"s":{"0":1,"1":2,"2":2,"3":1,"4":1,"5":1},"f":{"0":2,"1":1},"b":{},"_coverageSchema":"1a1c01bbd47fc00a2c39e90264f33305004495a9","hash":"e0596052b62ad06c68b3e4d2a6119c0383b3da2d"}
,"/Users/georgina/Documents/rfc2209/fec project/rfc2209-front-end-capstone-HouseStark/client/src/components/Q&A/components/Add_A_Question_Modal.jsx": {"path":"/Users/georgina/Documents/rfc2209/fec project/rfc2209-front-end-capstone-HouseStark/client/src/components/Q&A/components/Add_A_Question_Modal.jsx","statementMap":{"0":{"start":{"line":9,"column":26},"end":{"line":132,"column":1}},"1":{"start":{"line":16,"column":26},"end":{"line":16,"column":38}},"2":{"start":{"line":17,"column":26},"end":{"line":17,"column":38}},"3":{"start":{"line":18,"column":28},"end":{"line":18,"column":40}},"4":{"start":{"line":19,"column":36},"end":{"line":19,"column":51}},"5":{"start":{"line":21,"column":15},"end":{"line":25,"column":3}},"6":{"start":{"line":27,"column":31},"end":{"line":35,"column":3}},"7":{"start":{"line":28,"column":5},"end":{"line":34,"column":6}},"8":{"start":{"line":30,"column":6},"end":{"line":30,"column":26}},"9":{"start":{"line":33,"column":6},"end":{"line":33,"column":23}},"10":{"start":{"line":37,"column":2},"end":{"line":131,"column":3}},"11":{"start":{"line":50,"column":16},"end":{"line":50,"column":38}},"12":{"start":{"line":52,"column":16},"end":{"line":52,"column":36}},"13":{"start":{"line":68,"column":18},"end":{"line":68,"column":42}},"14":{"start":{"line":82,"column":18},"end":{"line":82,"column":42}},"15":{"start":{"line":95,"column":18},"end":{"line":95,"column":43}},"16":{"start":{"line":106,"column":22},"end":{"line":116,"column":23}},"17":{"start":{"line":107,"column":24},"end":{"line":107,"column":47}},"18":{"start":{"line":108,"column":24},"end":{"line":108,"column":41}},"19":{"start":{"line":109,"column":24},"end":{"line":109,"column":44}},"20":{"start":{"line":110,"column":24},"end":{"line":110,"column":36}},"21":{"start":{"line":111,"column":24},"end":{"line":111,"column":36}},"22":{"start":{"line":112,"column":24},"end":{"line":112,"column":37}},"23":{"start":{"line":115,"column":24},"end":{"line":115,"column":43}}},"fnMap":{"0":{"name":"(anonymous_0)","decl":{"start":{"line":9,"column":26},"end":{"line":9,"column":27}},"loc":{"start":{"line":14,"column":7},"end":{"line":132,"column":1}},"line":14},"1":{"name":"(anonymous_1)","decl":{"start":{"line":27,"column":31},"end":{"line":27,"column":32}},"loc":{"start":{"line":27,"column":37},"end":{"line":35,"column":3}},"line":27},"2":{"name":"(anonymous_2)","decl":{"start":{"line":29,"column":10},"end":{"line":29,"column":11}},"loc":{"start":{"line":29,"column":21},"end":{"line":31,"column":5}},"line":29},"3":{"name":"(anonymous_3)","decl":{"start":{"line":32,"column":10},"end":{"line":32,"column":11}},"loc":{"start":{"line":32,"column":18},"end":{"line":34,"column":5}},"line":32},"4":{"name":"(anonymous_4)","decl":{"start":{"line":49,"column":23},"end":{"line":49,"column":24}},"loc":{"start":{"line":49,"column":29},"end":{"line":53,"column":17}},"line":49},"5":{"name":"(anonymous_5)","decl":{"start":{"line":67,"column":26},"end":{"line":67,"column":27}},"loc":{"start":{"line":67,"column":32},"end":{"line":69,"column":17}},"line":67},"6":{"name":"(anonymous_6)","decl":{"start":{"line":81,"column":26},"end":{"line":81,"column":27}},"loc":{"start":{"line":81,"column":32},"end":{"line":83,"column":17}},"line":81},"7":{"name":"(anonymous_7)","decl":{"start":{"line":94,"column":26},"end":{"line":94,"column":27}},"loc":{"start":{"line":94,"column":32},"end":{"line":96,"column":17}},"line":94},"8":{"name":"(anonymous_8)","decl":{"start":{"line":105,"column":29},"end":{"line":105,"column":30}},"loc":{"start":{"line":105,"column":35},"end":{"line":118,"column":23}},"line":105}},"branchMap":{"0":{"loc":{"start":{"line":106,"column":22},"end":{"line":116,"column":23}},"type":"if","locations":[{"start":{"line":106,"column":22},"end":{"line":116,"column":23}},{"start":{"line":114,"column":29},"end":{"line":116,"column":23}}],"line":106},"1":{"loc":{"start":{"line":106,"column":25},"end":{"line":106,"column":55}},"type":"binary-expr","locations":[{"start":{"line":106,"column":25},"end":{"line":106,"column":29}},{"start":{"line":106,"column":33},"end":{"line":106,"column":37}},{"start":{"line":106,"column":41},"end":{"line":106,"column":55}}],"line":106},"2":{"loc":{"start":{"line":120,"column":23},"end":{"line":125,"column":30}},"type":"binary-expr","locations":[{"start":{"line":120,"column":23},"end":{"line":120,"column":32}},{"start":{"line":121,"column":24},"end":{"line":125,"column":30}}],"line":120},"3":{"loc":{"start":{"line":122,"column":39},"end":{"line":122,"column":72}},"type":"binary-expr","locations":[{"start":{"line":122,"column":39},"end":{"line":122,"column":44}},{"start":{"line":122,"column":47},"end":{"line":122,"column":72}}],"line":122},"4":{"loc":{"start":{"line":123,"column":39},"end":{"line":123,"column":68}},"type":"binary-expr","locations":[{"start":{"line":123,"column":39},"end":{"line":123,"column":44}},{"start":{"line":123,"column":47},"end":{"line":123,"column":68}}],"line":123},"5":{"loc":{"start":{"line":124,"column":39},"end":{"line":124,"column":117}},"type":"binary-expr","locations":[{"start":{"line":124,"column":39},"end":{"line":124,"column":54}},{"start":{"line":124,"column":58},"end":{"line":124,"column":117}}],"line":124}},"s":{"0":1,"1":0,"2":0,"3":0,"4":0,"5":0,"6":0,"7":0,"8":0,"9":0,"10":0,"11":0,"12":0,"13":0,"14":0,"15":0,"16":0,"17":0,"18":0,"19":0,"20":0,"21":0,"22":0,"23":0},"f":{"0":0,"1":0,"2":0,"3":0,"4":0,"5":0,"6":0,"7":0,"8":0},"b":{"0":[0,0],"1":[0,0,0],"2":[0,0],"3":[0,0],"4":[0,0],"5":[0,0]},"_coverageSchema":"1a1c01bbd47fc00a2c39e90264f33305004495a9","hash":"38d9af05fb583240a85a24b2d4dbb2d4b2969b2f"}
,"/Users/georgina/Documents/rfc2209/fec project/rfc2209-front-end-capstone-HouseStark/client/src/components/Q&A/components/Add_An_Answer.jsx": {"path":"/Users/georgina/Documents/rfc2209/fec project/rfc2209-front-end-capstone-HouseStark/client/src/components/Q&A/components/Add_An_Answer.jsx","statementMap":{"0":{"start":{"line":9,"column":20},"end":{"line":36,"column":1}},"1":{"start":{"line":14,"column":33},"end":{"line":14,"column":48}},"2":{"start":{"line":16,"column":2},"end":{"line":35,"column":3}},"3":{"start":{"line":23,"column":8},"end":{"line":23,"column":27}},"4":{"start":{"line":24,"column":8},"end":{"line":24,"column":30}},"5":{"start":{"line":25,"column":8},"end":{"line":25,"column":31}}},"fnMap":{"0":{"name":"(anonymous_0)","decl":{"start":{"line":9,"column":20},"end":{"line":9,"column":21}},"loc":{"start":{"line":12,"column":7},"end":{"line":36,"column":1}},"line":12},"1":{"name":"(anonymous_1)","decl":{"start":{"line":22,"column":17},"end":{"line":22,"column":18}},"loc":{"start":{"line":22,"column":24},"end":{"line":26,"column":9}},"line":22}},"branchMap":{},"s":{"0":1,"1":1,"2":1,"3":0,"4":0,"5":0},"f":{"0":1,"1":0},"b":{},"_coverageSchema":"1a1c01bbd47fc00a2c39e90264f33305004495a9","hash":"67352352354943b90249039b4fe9d523d89a48cb"}
,"/Users/georgina/Documents/rfc2209/fec project/rfc2209-front-end-capstone-HouseStark/client/src/components/Q&A/components/Add_An_Answer_Modal.jsx": {"path":"/Users/georgina/Documents/rfc2209/fec project/rfc2209-front-end-capstone-HouseStark/client/src/components/Q&A/components/Add_An_Answer_Modal.jsx","statementMap":{"0":{"start":{"line":8,"column":25},"end":{"line":119,"column":1}},"1":{"start":{"line":15,"column":26},"end":{"line":15,"column":38}},"2":{"start":{"line":16,"column":26},"end":{"line":16,"column":38}},"3":{"start":{"line":17,"column":28},"end":{"line":17,"column":40}},"4":{"start":{"line":18,"column":34},"end":{"line":18,"column":46}},"5":{"start":{"line":19,"column":30},"end":{"line":19,"column":42}},"6":{"start":{"line":22,"column":15},"end":{"line":26,"column":3}},"7":{"start":{"line":28,"column":31},"end":{"line":36,"column":3}},"8":{"start":{"line":29,"column":4},"end":{"line":35,"column":6}},"9":{"start":{"line":31,"column":6},"end":{"line":31,"column":26}},"10":{"start":{"line":34,"column":6},"end":{"line":34,"column":23}},"11":{"start":{"line":39,"column":2},"end":{"line":118,"column":3}},"12":{"start":{"line":51,"column":16},"end":{"line":51,"column":30}},"13":{"start":{"line":52,"column":16},"end":{"line":52,"column":37}},"14":{"start":{"line":68,"column":16},"end":{"line":68,"column":40}},"15":{"start":{"line":74,"column":16},"end":{"line":74,"column":40}},"16":{"start":{"line":80,"column":16},"end":{"line":80,"column":41}},"17":{"start":{"line":87,"column":16},"end":{"line":87,"column":35}},"18":{"start":{"line":88,"column":16},"end":{"line":88,"column":48}},"19":{"start":{"line":89,"column":16},"end":{"line":89,"column":32}},"20":{"start":{"line":90,"column":16},"end":{"line":90,"column":39}},"21":{"start":{"line":96,"column":16},"end":{"line":96,"column":44}},"22":{"start":{"line":104,"column":18},"end":{"line":104,"column":45}},"23":{"start":{"line":113,"column":14},"end":{"line":113,"column":37}},"24":{"start":{"line":114,"column":14},"end":{"line":114,"column":37}}},"fnMap":{"0":{"name":"(anonymous_0)","decl":{"start":{"line":8,"column":25},"end":{"line":8,"column":26}},"loc":{"start":{"line":13,"column":7},"end":{"line":119,"column":1}},"line":13},"1":{"name":"(anonymous_1)","decl":{"start":{"line":28,"column":31},"end":{"line":28,"column":32}},"loc":{"start":{"line":28,"column":37},"end":{"line":36,"column":3}},"line":28},"2":{"name":"(anonymous_2)","decl":{"start":{"line":30,"column":10},"end":{"line":30,"column":11}},"loc":{"start":{"line":30,"column":21},"end":{"line":32,"column":5}},"line":30},"3":{"name":"(anonymous_3)","decl":{"start":{"line":33,"column":10},"end":{"line":33,"column":11}},"loc":{"start":{"line":33,"column":18},"end":{"line":35,"column":5}},"line":33},"4":{"name":"(anonymous_4)","decl":{"start":{"line":50,"column":23},"end":{"line":50,"column":24}},"loc":{"start":{"line":50,"column":29},"end":{"line":58,"column":15}},"line":50},"5":{"name":"(anonymous_5)","decl":{"start":{"line":67,"column":24},"end":{"line":67,"column":25}},"loc":{"start":{"line":67,"column":30},"end":{"line":69,"column":15}},"line":67},"6":{"name":"(anonymous_6)","decl":{"start":{"line":73,"column":24},"end":{"line":73,"column":25}},"loc":{"start":{"line":73,"column":30},"end":{"line":75,"column":15}},"line":73},"7":{"name":"(anonymous_7)","decl":{"start":{"line":79,"column":24},"end":{"line":79,"column":25}},"loc":{"start":{"line":79,"column":30},"end":{"line":81,"column":15}},"line":79},"8":{"name":"(anonymous_8)","decl":{"start":{"line":86,"column":24},"end":{"line":86,"column":25}},"loc":{"start":{"line":86,"column":30},"end":{"line":91,"column":15}},"line":86},"9":{"name":"(anonymous_9)","decl":{"start":{"line":95,"column":24},"end":{"line":95,"column":25}},"loc":{"start":{"line":95,"column":30},"end":{"line":97,"column":15}},"line":95},"10":{"name":"(anonymous_10)","decl":{"start":{"line":103,"column":28},"end":{"line":103,"column":29}},"loc":{"start":{"line":103,"column":40},"end":{"line":105,"column":17}},"line":103},"11":{"name":"(anonymous_11)","decl":{"start":{"line":112,"column":21},"end":{"line":112,"column":22}},"loc":{"start":{"line":112,"column":27},"end":{"line":115,"column":13}},"line":112}},"branchMap":{},"s":{"0":1,"1":0,"2":0,"3":0,"4":0,"5":0,"6":0,"7":0,"8":0,"9":0,"10":0,"11":0,"12":0,"13":0,"14":0,"15":0,"16":0,"17":0,"18":0,"19":0,"20":0,"21":0,"22":0,"23":0,"24":0},"f":{"0":0,"1":0,"2":0,"3":0,"4":0,"5":0,"6":0,"7":0,"8":0,"9":0,"10":0,"11":0},"b":{},"_coverageSchema":"1a1c01bbd47fc00a2c39e90264f33305004495a9","hash":"8c84cc93a20ec722644859cdd2aad48543daa35b"}
,"/Users/georgina/Documents/rfc2209/fec project/rfc2209-front-end-capstone-HouseStark/client/src/components/Q&A/components/Answer_Helpfulness.jsx": {"path":"/Users/georgina/Documents/rfc2209/fec project/rfc2209-front-end-capstone-HouseStark/client/src/components/Q&A/components/Answer_Helpfulness.jsx","statementMap":{"0":{"start":{"line":3,"column":26},"end":{"line":25,"column":1}},"1":{"start":{"line":5,"column":42},"end":{"line":5,"column":63}},"2":{"start":{"line":6,"column":26},"end":{"line":6,"column":41}},"3":{"start":{"line":8,"column":2},"end":{"line":24,"column":3}},"4":{"start":{"line":14,"column":10},"end":{"line":21,"column":11}},"5":{"start":{"line":15,"column":12},"end":{"line":15,"column":33}},"6":{"start":{"line":16,"column":12},"end":{"line":16,"column":44}},"7":{"start":{"line":17,"column":12},"end":{"line":17,"column":35}},"8":{"start":{"line":18,"column":12},"end":{"line":18,"column":26}},"9":{"start":{"line":20,"column":12},"end":{"line":20,"column":35}}},"fnMap":{"0":{"name":"(anonymous_0)","decl":{"start":{"line":3,"column":26},"end":{"line":3,"column":27}},"loc":{"start":{"line":3,"column":85},"end":{"line":25,"column":1}},"line":3},"1":{"name":"(anonymous_1)","decl":{"start":{"line":13,"column":17},"end":{"line":13,"column":18}},"loc":{"start":{"line":13,"column":23},"end":{"line":22,"column":9}},"line":13}},"branchMap":{"0":{"loc":{"start":{"line":14,"column":10},"end":{"line":21,"column":11}},"type":"if","locations":[{"start":{"line":14,"column":10},"end":{"line":21,"column":11}},{"start":{"line":19,"column":17},"end":{"line":21,"column":11}}],"line":14}},"s":{"0":1,"1":1,"2":1,"3":1,"4":0,"5":0,"6":0,"7":0,"8":0,"9":0},"f":{"0":1,"1":0},"b":{"0":[0,0]},"_coverageSchema":"1a1c01bbd47fc00a2c39e90264f33305004495a9","hash":"c2c3a205bf99c7f77810134562f837a8381ef0b0"}
,"/Users/georgina/Documents/rfc2209/fec project/rfc2209-front-end-capstone-HouseStark/client/src/components/Q&A/components/Answer_Photo.jsx": {"path":"/Users/georgina/Documents/rfc2209/fec project/rfc2209-front-end-capstone-HouseStark/client/src/components/Q&A/components/Answer_Photo.jsx","statementMap":{"0":{"start":{"line":4,"column":20},"end":{"line":17,"column":1}},"1":{"start":{"line":5,"column":2},"end":{"line":16,"column":3}},"2":{"start":{"line":12,"column":8},"end":{"line":12,"column":24}},"3":{"start":{"line":13,"column":8},"end":{"line":13,"column":31}}},"fnMap":{"0":{"name":"(anonymous_0)","decl":{"start":{"line":4,"column":20},"end":{"line":4,"column":21}},"loc":{"start":{"line":4,"column":58},"end":{"line":17,"column":1}},"line":4},"1":{"name":"(anonymous_1)","decl":{"start":{"line":11,"column":15},"end":{"line":11,"column":16}},"loc":{"start":{"line":11,"column":21},"end":{"line":14,"column":7}},"line":11}},"branchMap":{},"s":{"0":1,"1":1,"2":0,"3":0},"f":{"0":1,"1":0},"b":{},"_coverageSchema":"1a1c01bbd47fc00a2c39e90264f33305004495a9","hash":"1ba3dd8ed91d9b0164ea0f4d39e43f20bcf0c288"}
,"/Users/georgina/Documents/rfc2209/fec project/rfc2209-front-end-capstone-HouseStark/client/src/components/Q&A/components/Answer_Photos.jsx": {"path":"/Users/georgina/Documents/rfc2209/fec project/rfc2209-front-end-capstone-HouseStark/client/src/components/Q&A/components/Answer_Photos.jsx","statementMap":{"0":{"start":{"line":9,"column":21},"end":{"line":55,"column":1}},"1":{"start":{"line":14,"column":33},"end":{"line":14,"column":48}},"2":{"start":{"line":15,"column":34},"end":{"line":15,"column":46}},"3":{"start":{"line":17,"column":2},"end":{"line":54,"column":3}},"4":{"start":{"line":21,"column":10},"end":{"line":26,"column":12}},"5":{"start":{"line":40,"column":16},"end":{"line":40,"column":38}}},"fnMap":{"0":{"name":"(anonymous_0)","decl":{"start":{"line":9,"column":21},"end":{"line":9,"column":22}},"loc":{"start":{"line":12,"column":7},"end":{"line":55,"column":1}},"line":12},"1":{"name":"(anonymous_1)","decl":{"start":{"line":20,"column":20},"end":{"line":20,"column":21}},"loc":{"start":{"line":20,"column":27},"end":{"line":27,"column":9}},"line":20},"2":{"name":"(anonymous_2)","decl":{"start":{"line":39,"column":23},"end":{"line":39,"column":24}},"loc":{"start":{"line":39,"column":29},"end":{"line":41,"column":17}},"line":39}},"branchMap":{},"s":{"0":1,"1":1,"2":1,"3":1,"4":1,"5":0},"f":{"0":1,"1":1,"2":0},"b":{},"_coverageSchema":"1a1c01bbd47fc00a2c39e90264f33305004495a9","hash":"6ee5a811c49473e667da287745d86112aab45ce1"}
,"/Users/georgina/Documents/rfc2209/fec project/rfc2209-front-end-capstone-HouseStark/client/src/components/Q&A/components/Answer_Report.jsx": {"path":"/Users/georgina/Documents/rfc2209/fec project/rfc2209-front-end-capstone-HouseStark/client/src/components/Q&A/components/Answer_Report.jsx","statementMap":{"0":{"start":{"line":3,"column":21},"end":{"line":27,"column":1}},"1":{"start":{"line":5,"column":30},"end":{"line":5,"column":45}},"2":{"start":{"line":7,"column":2},"end":{"line":26,"column":3}},"3":{"start":{"line":13,"column":6},"end":{"line":19,"column":7}},"4":{"start":{"line":14,"column":8},"end":{"line":14,"column":28}},"5":{"start":{"line":15,"column":8},"end":{"line":15,"column":31}},"6":{"start":{"line":16,"column":8},"end":{"line":16,"column":24}},"7":{"start":{"line":18,"column":8},"end":{"line":18,"column":31}}},"fnMap":{"0":{"name":"(anonymous_0)","decl":{"start":{"line":3,"column":21},"end":{"line":3,"column":22}},"loc":{"start":{"line":3,"column":67},"end":{"line":27,"column":1}},"line":3},"1":{"name":"(anonymous_1)","decl":{"start":{"line":12,"column":13},"end":{"line":12,"column":14}},"loc":{"start":{"line":12,"column":19},"end":{"line":20,"column":5}},"line":12}},"branchMap":{"0":{"loc":{"start":{"line":13,"column":6},"end":{"line":19,"column":7}},"type":"if","locations":[{"start":{"line":13,"column":6},"end":{"line":19,"column":7}},{"start":{"line":17,"column":13},"end":{"line":19,"column":7}}],"line":13},"1":{"loc":{"start":{"line":22,"column":6},"end":{"line":24,"column":16}},"type":"cond-expr","locations":[{"start":{"line":23,"column":7},"end":{"line":23,"column":15}},{"start":{"line":24,"column":6},"end":{"line":24,"column":16}}],"line":22}},"s":{"0":1,"1":1,"2":1,"3":0,"4":0,"5":0,"6":0,"7":0},"f":{"0":1,"1":0},"b":{"0":[0,0],"1":[1,0]},"_coverageSchema":"1a1c01bbd47fc00a2c39e90264f33305004495a9","hash":"2d46b7358e00888ae13c3c5d798671cd20e3a827"}
,"/Users/georgina/Documents/rfc2209/fec project/rfc2209-front-end-capstone-HouseStark/client/src/components/Q&A/components/Answer_View.jsx": {"path":"/Users/georgina/Documents/rfc2209/fec project/rfc2209-front-end-capstone-HouseStark/client/src/components/Q&A/components/Answer_View.jsx","statementMap":{"0":{"start":{"line":10,"column":19},"end":{"line":69,"column":1}},"1":{"start":{"line":12,"column":29},"end":{"line":24,"column":3}},"2":{"start":{"line":13,"column":17},"end":{"line":16,"column":5}},"3":{"start":{"line":17,"column":4},"end":{"line":23,"column":6}},"4":{"start":{"line":19,"column":6},"end":{"line":19,"column":26}},"5":{"start":{"line":22,"column":6},"end":{"line":22,"column":23}},"6":{"start":{"line":26,"column":29},"end":{"line":28,"column":3}},"7":{"start":{"line":27,"column":4},"end":{"line":27,"column":40}},"8":{"start":{"line":30,"column":28},"end":{"line":32,"column":3}},"9":{"start":{"line":31,"column":4},"end":{"line":31,"column":39}},"10":{"start":{"line":34,"column":2},"end":{"line":68,"column":3}}},"fnMap":{"0":{"name":"(anonymous_0)","decl":{"start":{"line":10,"column":19},"end":{"line":10,"column":20}},"loc":{"start":{"line":10,"column":54},"end":{"line":69,"column":1}},"line":10},"1":{"name":"(anonymous_1)","decl":{"start":{"line":12,"column":29},"end":{"line":12,"column":30}},"loc":{"start":{"line":12,"column":50},"end":{"line":24,"column":3}},"line":12},"2":{"name":"(anonymous_2)","decl":{"start":{"line":18,"column":10},"end":{"line":18,"column":11}},"loc":{"start":{"line":18,"column":21},"end":{"line":20,"column":5}},"line":18},"3":{"name":"(anonymous_3)","decl":{"start":{"line":21,"column":11},"end":{"line":21,"column":12}},"loc":{"start":{"line":21,"column":20},"end":{"line":23,"column":5}},"line":21},"4":{"name":"(anonymous_4)","decl":{"start":{"line":26,"column":29},"end":{"line":26,"column":30}},"loc":{"start":{"line":26,"column":35},"end":{"line":28,"column":3}},"line":26},"5":{"name":"(anonymous_5)","decl":{"start":{"line":30,"column":28},"end":{"line":30,"column":29}},"loc":{"start":{"line":30,"column":34},"end":{"line":32,"column":3}},"line":30}},"branchMap":{"0":{"loc":{"start":{"line":47,"column":12},"end":{"line":49,"column":48}},"type":"cond-expr","locations":[{"start":{"line":48,"column":15},"end":{"line":48,"column":73}},{"start":{"line":49,"column":15},"end":{"line":49,"column":48}}],"line":47}},"s":{"0":1,"1":1,"2":0,"3":0,"4":0,"5":0,"6":1,"7":0,"8":1,"9":0,"10":1},"f":{"0":1,"1":0,"2":0,"3":0,"4":0,"5":0},"b":{"0":[0,1]},"_coverageSchema":"1a1c01bbd47fc00a2c39e90264f33305004495a9","hash":"402b0169094b02347f68feb906147445e757ffbd"}
,"/Users/georgina/Documents/rfc2209/fec project/rfc2209-front-end-capstone-HouseStark/client/src/components/Q&A/components/Answers_List_View.jsx": {"path":"/Users/georgina/Documents/rfc2209/fec project/rfc2209-front-end-capstone-HouseStark/client/src/components/Q&A/components/Answers_List_View.jsx","statementMap":{"0":{"start":{"line":7,"column":24},"end":{"line":88,"column":1}},"1":{"start":{"line":12,"column":32},"end":{"line":12,"column":45}},"2":{"start":{"line":13,"column":40},"end":{"line":13,"column":52}},"3":{"start":{"line":15,"column":17},"end":{"line":20,"column":3}},"4":{"start":{"line":22,"column":30},"end":{"line":33,"column":3}},"5":{"start":{"line":23,"column":22},"end":{"line":23,"column":23}},"6":{"start":{"line":24,"column":22},"end":{"line":24,"column":23}},"7":{"start":{"line":25,"column":4},"end":{"line":32,"column":6}},"8":{"start":{"line":26,"column":22},"end":{"line":26,"column":64}},"9":{"start":{"line":27,"column":6},"end":{"line":30,"column":7}},"10":{"start":{"line":28,"column":8},"end":{"line":28,"column":98}},"11":{"start":{"line":29,"column":8},"end":{"line":29,"column":22}},"12":{"start":{"line":31,"column":6},"end":{"line":31,"column":20}},"13":{"start":{"line":35,"column":2},"end":{"line":45,"column":7}},"14":{"start":{"line":36,"column":4},"end":{"line":44,"column":6}},"15":{"start":{"line":38,"column":6},"end":{"line":38,"column":25}},"16":{"start":{"line":41,"column":6},"end":{"line":41,"column":40}},"17":{"start":{"line":42,"column":6},"end":{"line":42,"column":31}},"18":{"start":{"line":43,"column":6},"end":{"line":43,"column":46}},"19":{"start":{"line":48,"column":2},"end":{"line":87,"column":3}},"20":{"start":{"line":54,"column":12},"end":{"line":57,"column":55}},"21":{"start":{"line":68,"column":14},"end":{"line":68,"column":33}},"22":{"start":{"line":69,"column":14},"end":{"line":69,"column":38}},"23":{"start":{"line":70,"column":14},"end":{"line":70,"column":37}},"24":{"start":{"line":78,"column":14},"end":{"line":78,"column":33}},"25":{"start":{"line":79,"column":14},"end":{"line":79,"column":49}},"26":{"start":{"line":80,"column":14},"end":{"line":80,"column":37}}},"fnMap":{"0":{"name":"(anonymous_0)","decl":{"start":{"line":7,"column":24},"end":{"line":7,"column":25}},"loc":{"start":{"line":10,"column":7},"end":{"line":88,"column":1}},"line":10},"1":{"name":"(anonymous_1)","decl":{"start":{"line":22,"column":30},"end":{"line":22,"column":31}},"loc":{"start":{"line":22,"column":43},"end":{"line":33,"column":3}},"line":22},"2":{"name":"(anonymous_2)","decl":{"start":{"line":25,"column":20},"end":{"line":25,"column":21}},"loc":{"start":{"line":25,"column":27},"end":{"line":32,"column":5}},"line":25},"3":{"name":"(anonymous_3)","decl":{"start":{"line":35,"column":13},"end":{"line":35,"column":14}},"loc":{"start":{"line":35,"column":19},"end":{"line":45,"column":3}},"line":35},"4":{"name":"(anonymous_4)","decl":{"start":{"line":37,"column":10},"end":{"line":37,"column":11}},"loc":{"start":{"line":37,"column":21},"end":{"line":39,"column":5}},"line":37},"5":{"name":"(anonymous_5)","decl":{"start":{"line":40,"column":10},"end":{"line":40,"column":11}},"loc":{"start":{"line":40,"column":20},"end":{"line":44,"column":5}},"line":40},"6":{"name":"(anonymous_6)","decl":{"start":{"line":53,"column":28},"end":{"line":53,"column":29}},"loc":{"start":{"line":53,"column":35},"end":{"line":58,"column":11}},"line":53},"7":{"name":"(anonymous_7)","decl":{"start":{"line":67,"column":21},"end":{"line":67,"column":22}},"loc":{"start":{"line":67,"column":28},"end":{"line":71,"column":13}},"line":67},"8":{"name":"(anonymous_8)","decl":{"start":{"line":77,"column":21},"end":{"line":77,"column":22}},"loc":{"start":{"line":77,"column":28},"end":{"line":81,"column":13}},"line":77}},"branchMap":{"0":{"loc":{"start":{"line":27,"column":6},"end":{"line":30,"column":7}},"type":"if","locations":[{"start":{"line":27,"column":6},"end":{"line":30,"column":7}},{"start":{},"end":{}}],"line":27},"1":{"loc":{"start":{"line":61,"column":12},"end":{"line":81,"column":66}},"type":"cond-expr","locations":[{"start":{"line":63,"column":12},"end":{"line":71,"column":38}},{"start":{"line":73,"column":12},"end":{"line":81,"column":66}}],"line":61},"2":{"loc":{"start":{"line":81,"column":16},"end":{"line":81,"column":59}},"type":"cond-expr","locations":[{"start":{"line":81,"column":34},"end":{"line":81,"column":52}},{"start":{"line":81,"column":55},"end":{"line":81,"column":59}}],"line":81}},"s":{"0":1,"1":1,"2":1,"3":1,"4":1,"5":0,"6":0,"7":0,"8":0,"9":0,"10":0,"11":0,"12":0,"13":1,"14":0,"15":0,"16":0,"17":0,"18":0,"19":1,"20":0,"21":0,"22":0,"23":0,"24":0,"25":0,"26":0},"f":{"0":1,"1":0,"2":0,"3":0,"4":0,"5":0,"6":0,"7":0,"8":0},"b":{"0":[0,0],"1":[0,1],"2":[0,1]},"_coverageSchema":"1a1c01bbd47fc00a2c39e90264f33305004495a9","hash":"d83fe1c2431cabbb6afb803e2a6db5657dd84015"}
,"/Users/georgina/Documents/rfc2209/fec project/rfc2209-front-end-capstone-HouseStark/client/src/components/Q&A/components/More_Questions.jsx": {"path":"/Users/georgina/Documents/rfc2209/fec project/rfc2209-front-end-capstone-HouseStark/client/src/components/Q&A/components/More_Questions.jsx","statementMap":{"0":{"start":{"line":4,"column":28},"end":{"line":42,"column":1}},"1":{"start":{"line":12,"column":2},"end":{"line":41,"column":3}},"2":{"start":{"line":22,"column":8},"end":{"line":22,"column":23}},"3":{"start":{"line":23,"column":8},"end":{"line":23,"column":27}},"4":{"start":{"line":24,"column":8},"end":{"line":24,"column":31}},"5":{"start":{"line":25,"column":8},"end":{"line":25,"column":29}}},"fnMap":{"0":{"name":"(anonymous_0)","decl":{"start":{"line":4,"column":28},"end":{"line":4,"column":29}},"loc":{"start":{"line":9,"column":7},"end":{"line":42,"column":1}},"line":9},"1":{"name":"(anonymous_1)","decl":{"start":{"line":21,"column":15},"end":{"line":21,"column":16}},"loc":{"start":{"line":21,"column":22},"end":{"line":26,"column":7}},"line":21}},"branchMap":{"0":{"loc":{"start":{"line":15,"column":6},"end":{"line":28,"column":12}},"type":"cond-expr","locations":[{"start":{"line":17,"column":6},"end":{"line":27,"column":12}},{"start":{"line":28,"column":8},"end":{"line":28,"column":12}}],"line":15}},"s":{"0":1,"1":1,"2":0,"3":0,"4":0,"5":0},"f":{"0":1,"1":0},"b":{"0":[1,0]},"_coverageSchema":"1a1c01bbd47fc00a2c39e90264f33305004495a9","hash":"58d24891a8179ccbf568c1aa0a472502bd7562a2"}
,"/Users/georgina/Documents/rfc2209/fec project/rfc2209-front-end-capstone-HouseStark/client/src/components/Q&A/components/Q&A_Styles.jsx": {"path":"/Users/georgina/Documents/rfc2209/fec project/rfc2209-front-end-capstone-HouseStark/client/src/components/Q&A/components/Q&A_Styles.jsx","statementMap":{"0":{"start":{"line":3,"column":24},"end":{"line":10,"column":1}},"1":{"start":{"line":12,"column":29},"end":{"line":19,"column":1}},"2":{"start":{"line":21,"column":20},"end":{"line":31,"column":1}},"3":{"start":{"line":33,"column":27},"end":{"line":40,"column":1}},"4":{"start":{"line":42,"column":20},"end":{"line":46,"column":1}},"5":{"start":{"line":48,"column":24},"end":{"line":54,"column":1}},"6":{"start":{"line":56,"column":34},"end":{"line":60,"column":1}},"7":{"start":{"line":63,"column":16},"end":{"line":66,"column":1}},"8":{"start":{"line":68,"column":30},"end":{"line":74,"column":1}},"9":{"start":{"line":77,"column":20},"end":{"line":82,"column":1}},"10":{"start":{"line":83,"column":30},"end":{"line":89,"column":3}},"11":{"start":{"line":90,"column":25},"end":{"line":99,"column":3}},"12":{"start":{"line":101,"column":26},"end":{"line":107,"column":1}},"13":{"start":{"line":110,"column":30},"end":{"line":117,"column":1}},"14":{"start":{"line":120,"column":22},"end":{"line":130,"column":1}},"15":{"start":{"line":132,"column":24},"end":{"line":142,"column":1}},"16":{"start":{"line":144,"column":19},"end":{"line":151,"column":1}},"17":{"start":{"line":153,"column":23},"end":{"line":158,"column":1}},"18":{"start":{"line":160,"column":22},"end":{"line":165,"column":1}},"19":{"start":{"line":167,"column":25},"end":{"line":170,"column":1}},"20":{"start":{"line":172,"column":19},"end":{"line":178,"column":1}}},"fnMap":{},"branchMap":{},"s":{"0":1,"1":1,"2":1,"3":1,"4":1,"5":1,"6":1,"7":1,"8":1,"9":1,"10":1,"11":1,"12":1,"13":1,"14":1,"15":1,"16":1,"17":1,"18":1,"19":1,"20":1},"f":{},"b":{},"_coverageSchema":"1a1c01bbd47fc00a2c39e90264f33305004495a9","hash":"fd7bdbc0ebc636edfce1797cf69346371f3f7ac0"}
,"/Users/georgina/Documents/rfc2209/fec project/rfc2209-front-end-capstone-HouseStark/client/src/components/Q&A/components/Question_Helpfulness.jsx": {"path":"/Users/georgina/Documents/rfc2209/fec project/rfc2209-front-end-capstone-HouseStark/client/src/components/Q&A/components/Question_Helpfulness.jsx","statementMap":{"0":{"start":{"line":3,"column":28},"end":{"line":30,"column":1}},"1":{"start":{"line":9,"column":42},"end":{"line":9,"column":72}},"2":{"start":{"line":10,"column":26},"end":{"line":10,"column":41}},"3":{"start":{"line":12,"column":2},"end":{"line":29,"column":3}},"4":{"start":{"line":18,"column":10},"end":{"line":25,"column":11}},"5":{"start":{"line":19,"column":12},"end":{"line":19,"column":33}},"6":{"start":{"line":20,"column":12},"end":{"line":20,"column":44}},"7":{"start":{"line":21,"column":12},"end":{"line":21,"column":35}},"8":{"start":{"line":22,"column":12},"end":{"line":22,"column":26}},"9":{"start":{"line":24,"column":12},"end":{"line":24,"column":35}}},"fnMap":{"0":{"name":"(anonymous_0)","decl":{"start":{"line":3,"column":28},"end":{"line":3,"column":29}},"loc":{"start":{"line":7,"column":7},"end":{"line":30,"column":1}},"line":7},"1":{"name":"(anonymous_1)","decl":{"start":{"line":17,"column":17},"end":{"line":17,"column":18}},"loc":{"start":{"line":17,"column":23},"end":{"line":26,"column":9}},"line":17}},"branchMap":{"0":{"loc":{"start":{"line":18,"column":10},"end":{"line":25,"column":11}},"type":"if","locations":[{"start":{"line":18,"column":10},"end":{"line":25,"column":11}},{"start":{"line":23,"column":17},"end":{"line":25,"column":11}}],"line":18}},"s":{"0":1,"1":1,"2":1,"3":1,"4":0,"5":0,"6":0,"7":0,"8":0,"9":0},"f":{"0":1,"1":0},"b":{"0":[0,0]},"_coverageSchema":"1a1c01bbd47fc00a2c39e90264f33305004495a9","hash":"ea8c5965c94d3c76e9e203f2a0a239dd14a4fb17"}
,"/Users/georgina/Documents/rfc2209/fec project/rfc2209-front-end-capstone-HouseStark/client/src/components/Q&A/components/Question_Report.jsx": {"path":"/Users/georgina/Documents/rfc2209/fec project/rfc2209-front-end-capstone-HouseStark/client/src/components/Q&A/components/Question_Report.jsx","statementMap":{"0":{"start":{"line":3,"column":23},"end":{"line":29,"column":1}},"1":{"start":{"line":5,"column":30},"end":{"line":5,"column":45}},"2":{"start":{"line":8,"column":2},"end":{"line":28,"column":3}},"3":{"start":{"line":14,"column":6},"end":{"line":20,"column":7}},"4":{"start":{"line":15,"column":8},"end":{"line":15,"column":28}},"5":{"start":{"line":16,"column":8},"end":{"line":16,"column":31}},"6":{"start":{"line":17,"column":8},"end":{"line":17,"column":24}},"7":{"start":{"line":19,"column":8},"end":{"line":19,"column":31}}},"fnMap":{"0":{"name":"(anonymous_0)","decl":{"start":{"line":3,"column":23},"end":{"line":3,"column":24}},"loc":{"start":{"line":3,"column":70},"end":{"line":29,"column":1}},"line":3},"1":{"name":"(anonymous_1)","decl":{"start":{"line":13,"column":13},"end":{"line":13,"column":14}},"loc":{"start":{"line":13,"column":19},"end":{"line":21,"column":5}},"line":13}},"branchMap":{"0":{"loc":{"start":{"line":14,"column":6},"end":{"line":20,"column":7}},"type":"if","locations":[{"start":{"line":14,"column":6},"end":{"line":20,"column":7}},{"start":{"line":18,"column":13},"end":{"line":20,"column":7}}],"line":14},"1":{"loc":{"start":{"line":23,"column":7},"end":{"line":25,"column":19}},"type":"cond-expr","locations":[{"start":{"line":24,"column":9},"end":{"line":24,"column":17}},{"start":{"line":25,"column":9},"end":{"line":25,"column":19}}],"line":23}},"s":{"0":1,"1":1,"2":1,"3":0,"4":0,"5":0,"6":0,"7":0},"f":{"0":1,"1":0},"b":{"0":[0,0],"1":[1,0]},"_coverageSchema":"1a1c01bbd47fc00a2c39e90264f33305004495a9","hash":"c7c215949eb8472b6254208d3518303be5ec1f28"}
,"/Users/georgina/Documents/rfc2209/fec project/rfc2209-front-end-capstone-HouseStark/client/src/components/Q&A/components/Question_Search_Bar.jsx": {"path":"/Users/georgina/Documents/rfc2209/fec project/rfc2209-front-end-capstone-HouseStark/client/src/components/Q&A/components/Question_Search_Bar.jsx","statementMap":{"0":{"start":{"line":7,"column":26},"end":{"line":45,"column":1}},"1":{"start":{"line":9,"column":28},"end":{"line":9,"column":40}},"2":{"start":{"line":11,"column":23},"end":{"line":16,"column":3}},"3":{"start":{"line":12,"column":29},"end":{"line":14,"column":6}},"4":{"start":{"line":13,"column":6},"end":{"line":13,"column":82}},"5":{"start":{"line":15,"column":4},"end":{"line":15,"column":32}},"6":{"start":{"line":18,"column":2},"end":{"line":44,"column":3}},"7":{"start":{"line":27,"column":10},"end":{"line":27,"column":35}},"8":{"start":{"line":28,"column":10},"end":{"line":34,"column":11}},"9":{"start":{"line":29,"column":12},"end":{"line":29,"column":28}},"10":{"start":{"line":30,"column":12},"end":{"line":30,"column":41}},"11":{"start":{"line":32,"column":12},"end":{"line":32,"column":33}},"12":{"start":{"line":33,"column":12},"end":{"line":33,"column":29}},"13":{"start":{"line":37,"column":10},"end":{"line":37,"column":33}}},"fnMap":{"0":{"name":"(anonymous_0)","decl":{"start":{"line":7,"column":26},"end":{"line":7,"column":27}},"loc":{"start":{"line":7,"column":90},"end":{"line":45,"column":1}},"line":7},"1":{"name":"(anonymous_1)","decl":{"start":{"line":11,"column":23},"end":{"line":11,"column":24}},"loc":{"start":{"line":11,"column":30},"end":{"line":16,"column":3}},"line":11},"2":{"name":"(anonymous_2)","decl":{"start":{"line":12,"column":46},"end":{"line":12,"column":47}},"loc":{"start":{"line":12,"column":53},"end":{"line":14,"column":5}},"line":12},"3":{"name":"(anonymous_3)","decl":{"start":{"line":26,"column":18},"end":{"line":26,"column":19}},"loc":{"start":{"line":26,"column":25},"end":{"line":35,"column":9}},"line":26},"4":{"name":"(anonymous_4)","decl":{"start":{"line":36,"column":18},"end":{"line":36,"column":19}},"loc":{"start":{"line":36,"column":25},"end":{"line":38,"column":9}},"line":36}},"branchMap":{"0":{"loc":{"start":{"line":28,"column":10},"end":{"line":34,"column":11}},"type":"if","locations":[{"start":{"line":28,"column":10},"end":{"line":34,"column":11}},{"start":{"line":31,"column":17},"end":{"line":34,"column":11}}],"line":28}},"s":{"0":1,"1":1,"2":1,"3":0,"4":0,"5":0,"6":1,"7":0,"8":0,"9":0,"10":0,"11":0,"12":0,"13":0},"f":{"0":1,"1":0,"2":0,"3":0,"4":0},"b":{"0":[0,0]},"_coverageSchema":"1a1c01bbd47fc00a2c39e90264f33305004495a9","hash":"fd6453a42d2f905e18488cd76601d7e832d02d3b"}
,"/Users/georgina/Documents/rfc2209/fec project/rfc2209-front-end-capstone-HouseStark/client/src/components/Q&A/components/Question_View.jsx": {"path":"/Users/georgina/Documents/rfc2209/fec project/rfc2209-front-end-capstone-HouseStark/client/src/components/Q&A/components/Question_View.jsx","statementMap":{"0":{"start":{"line":11,"column":21},"end":{"line":87,"column":1}},"1":{"start":{"line":17,"column":29},"end":{"line":29,"column":3}},"2":{"start":{"line":18,"column":17},"end":{"line":21,"column":5}},"3":{"start":{"line":22,"column":4},"end":{"line":28,"column":6}},"4":{"start":{"line":24,"column":6},"end":{"line":24,"column":26}},"5":{"start":{"line":27,"column":6},"end":{"line":27,"column":23}},"6":{"start":{"line":31,"column":29},"end":{"line":33,"column":3}},"7":{"start":{"line":32,"column":4},"end":{"line":32,"column":40}},"8":{"start":{"line":35,"column":28},"end":{"line":37,"column":3}},"9":{"start":{"line":36,"column":4},"end":{"line":36,"column":39}},"10":{"start":{"line":39,"column":29},"end":{"line":51,"column":3}},"11":{"start":{"line":41,"column":16},"end":{"line":41,"column":61}},"12":{"start":{"line":42,"column":4},"end":{"line":50,"column":7}},"13":{"start":{"line":43,"column":6},"end":{"line":49,"column":23}},"14":{"start":{"line":53,"column":2},"end":{"line":86,"column":3}}},"fnMap":{"0":{"name":"(anonymous_0)","decl":{"start":{"line":11,"column":21},"end":{"line":11,"column":22}},"loc":{"start":{"line":15,"column":7},"end":{"line":87,"column":1}},"line":15},"1":{"name":"(anonymous_1)","decl":{"start":{"line":17,"column":29},"end":{"line":17,"column":30}},"loc":{"start":{"line":17,"column":50},"end":{"line":29,"column":3}},"line":17},"2":{"name":"(anonymous_2)","decl":{"start":{"line":23,"column":10},"end":{"line":23,"column":11}},"loc":{"start":{"line":23,"column":21},"end":{"line":25,"column":5}},"line":23},"3":{"name":"(anonymous_3)","decl":{"start":{"line":26,"column":11},"end":{"line":26,"column":12}},"loc":{"start":{"line":26,"column":20},"end":{"line":28,"column":5}},"line":26},"4":{"name":"(anonymous_4)","decl":{"start":{"line":31,"column":29},"end":{"line":31,"column":30}},"loc":{"start":{"line":31,"column":35},"end":{"line":33,"column":3}},"line":31},"5":{"name":"(anonymous_5)","decl":{"start":{"line":35,"column":28},"end":{"line":35,"column":29}},"loc":{"start":{"line":35,"column":34},"end":{"line":37,"column":3}},"line":35},"6":{"name":"(anonymous_6)","decl":{"start":{"line":39,"column":29},"end":{"line":39,"column":30}},"loc":{"start":{"line":39,"column":49},"end":{"line":51,"column":3}},"line":39},"7":{"name":"(anonymous_7)","decl":{"start":{"line":42,"column":21},"end":{"line":42,"column":22}},"loc":{"start":{"line":43,"column":6},"end":{"line":49,"column":23}},"line":43}},"branchMap":{"0":{"loc":{"start":{"line":44,"column":9},"end":{"line":48,"column":9}},"type":"cond-expr","locations":[{"start":{"line":45,"column":10},"end":{"line":45,"column":60}},{"start":{"line":47,"column":10},"end":{"line":47,"column":14}}],"line":44}},"s":{"0":1,"1":1,"2":0,"3":0,"4":0,"5":0,"6":1,"7":0,"8":1,"9":0,"10":1,"11":1,"12":1,"13":21,"14":1},"f":{"0":1,"1":0,"2":0,"3":0,"4":0,"5":0,"6":1,"7":21},"b":{"0":[10,11]},"_coverageSchema":"1a1c01bbd47fc00a2c39e90264f33305004495a9","hash":"8ca4d657ada2782fae8e5dbf1dcb581552374670"}
,"/Users/georgina/Documents/rfc2209/fec project/rfc2209-front-end-capstone-HouseStark/client/src/components/Q&A/components/Questions_View.jsx": {"path":"/Users/georgina/Documents/rfc2209/fec project/rfc2209-front-end-capstone-HouseStark/client/src/components/Q&A/components/Questions_View.jsx","statementMap":{"0":{"start":{"line":9,"column":22},"end":{"line":87,"column":1}},"1":{"start":{"line":19,"column":43},"end":{"line":19,"column":55}},"2":{"start":{"line":20,"column":44},"end":{"line":20,"column":59}},"3":{"start":{"line":23,"column":2},"end":{"line":26,"column":14}},"4":{"start":{"line":24,"column":4},"end":{"line":24,"column":40}},"5":{"start":{"line":28,"column":29},"end":{"line":39,"column":3}},"6":{"start":{"line":37,"column":4},"end":{"line":37,"column":32}},"7":{"start":{"line":38,"column":4},"end":{"line":38,"column":27}},"8":{"start":{"line":49,"column":2},"end":{"line":86,"column":3}},"9":{"start":{"line":56,"column":14},"end":{"line":62,"column":16}}},"fnMap":{"0":{"name":"(anonymous_0)","decl":{"start":{"line":9,"column":22},"end":{"line":9,"column":23}},"loc":{"start":{"line":17,"column":7},"end":{"line":87,"column":1}},"line":17},"1":{"name":"(anonymous_1)","decl":{"start":{"line":23,"column":12},"end":{"line":23,"column":13}},"loc":{"start":{"line":23,"column":18},"end":{"line":26,"column":3}},"line":23},"2":{"name":"(anonymous_2)","decl":{"start":{"line":28,"column":29},"end":{"line":28,"column":30}},"loc":{"start":{"line":28,"column":35},"end":{"line":39,"column":3}},"line":28},"3":{"name":"(anonymous_3)","decl":{"start":{"line":55,"column":30},"end":{"line":55,"column":31}},"loc":{"start":{"line":55,"column":37},"end":{"line":63,"column":13}},"line":55}},"branchMap":{"0":{"loc":{"start":{"line":54,"column":12},"end":{"line":64,"column":17}},"type":"cond-expr","locations":[{"start":{"line":55,"column":13},"end":{"line":63,"column":14}},{"start":{"line":64,"column":13},"end":{"line":64,"column":17}}],"line":54},"1":{"loc":{"start":{"line":69,"column":10},"end":{"line":75,"column":17}},"type":"cond-expr","locations":[{"start":{"line":70,"column":14},"end":{"line":74,"column":57}},{"start":{"line":75,"column":13},"end":{"line":75,"column":17}}],"line":69}},"s":{"0":1,"1":1,"2":1,"3":1,"4":0,"5":1,"6":0,"7":0,"8":1,"9":0},"f":{"0":1,"1":0,"2":0,"3":0},"b":{"0":[1,0],"1":[1,0]},"_coverageSchema":"1a1c01bbd47fc00a2c39e90264f33305004495a9","hash":"57c9cbe7ec8dfe9fba465b7d2b23acd2c323d356"}
,"/Users/georgina/Documents/rfc2209/fec project/rfc2209-front-end-capstone-HouseStark/client/src/components/Q&A/components/index.jsx": {"path":"/Users/georgina/Documents/rfc2209/fec project/rfc2209-front-end-capstone-HouseStark/client/src/components/Q&A/components/index.jsx","statementMap":{},"fnMap":{},"branchMap":{},"s":{},"f":{},"b":{},"_coverageSchema":"1a1c01bbd47fc00a2c39e90264f33305004495a9","hash":"85c9c94bb09c5427fd4bb0bc89d8cae3e95b6b46"}
,"/Users/georgina/Documents/rfc2209/fec project/rfc2209-front-end-capstone-HouseStark/client/test/QandA.test.data.js": {"path":"/Users/georgina/Documents/rfc2209/fec project/rfc2209-front-end-capstone-HouseStark/client/test/QandA.test.data.js","statementMap":{"0":{"start":{"line":1,"column":22},"end":{"line":145,"column":1}}},"fnMap":{},"branchMap":{},"s":{"0":1},"f":{},"b":{},"_coverageSchema":"1a1c01bbd47fc00a2c39e90264f33305004495a9","hash":"75935f902245593ef836e697658e044590c0b4fc"}
}
